<?xml version="1.0" encoding="utf-8"?><testsuites name="pytest tests"><testsuite name="pytest" errors="0" failures="1" skipped="0" tests="19" time="5.247" timestamp="2026-04-22T22:02:22.601829+00:00" hostname="agent-env-7cb048c3-b058-40d3-8336-b8a781f36f77"><testcase classname="backend.tests.test_optica_ari" name="test_list_products_no_id" time="0.132" /><testcase classname="backend.tests.test_optica_ari" name="test_filter_by_style_clasico" time="0.181" /><testcase classname="backend.tests.test_optica_ari" name="test_filter_by_type_sol" time="0.144" /><testcase classname="backend.tests.test_optica_ari" name="test_filter_featured" time="0.164" /><testcase classname="backend.tests.test_optica_ari" name="test_get_single_product" time="0.264" /><testcase classname="backend.tests.test_optica_ari" name="test_get_product_not_found" time="0.123" /><testcase classname="backend.tests.test_optica_ari" name="test_create_quote_no_auth" time="0.281" /><testcase classname="backend.tests.test_optica_ari" name="test_login_success" time="0.108" /><testcase classname="backend.tests.test_optica_ari" name="test_login_wrong_password" time="0.115" /><testcase classname="backend.tests.test_optica_ari" name="test_me_with_token" time="0.243" /><testcase classname="backend.tests.test_optica_ari" name="test_me_without_token" time="0.127" /><testcase classname="backend.tests.test_optica_ari" name="test_admin_products_without_token" time="0.123" /><testcase classname="backend.tests.test_optica_ari" name="test_admin_quotes_requires_auth" time="0.215" /><testcase classname="backend.tests.test_optica_ari" name="test_admin_transactions" time="0.154" /><testcase classname="backend.tests.test_optica_ari" name="test_product_create_update_delete" time="0.774" /><testcase classname="backend.tests.test_optica_ari" name="test_checkout_session_success" time="0.764" /><testcase classname="backend.tests.test_optica_ari" name="test_checkout_empty_items" time="0.119" /><testcase classname="backend.tests.test_optica_ari" name="test_checkout_invalid_product" time="0.142" /><testcase classname="backend.tests.test_optica_ari" name="test_checkout_status" time="0.968"><failure message="assert 500 == 200&#10; +  where 500 = &lt;Response [500]&gt;.status_code">backend/tests/test_optica_ari.py:215: in test_checkout_status
    assert r2.status_code == 200
E   assert 500 == 200
E    +  where 500 = &lt;Response [500]&gt;.status_code</failure></testcase></testsuite></testsuites>