<?xml version="1.0" encoding="utf-8"?><testsuites name="pytest tests"><testsuite name="pytest" errors="0" failures="0" skipped="0" tests="16" time="1.641" timestamp="2026-04-30T05:37:36.549914+00:00" hostname="agent-env-7cb048c3-b058-40d3-8336-b8a781f36f77"><testcase classname="backend.tests.test_appointments.TestServices" name="test_list_services" time="0.159" /><testcase classname="backend.tests.test_appointments.TestAvailability" name="test_weekday_slots" time="0.049" /><testcase classname="backend.tests.test_appointments.TestAvailability" name="test_sunday_closed" time="0.048" /><testcase classname="backend.tests.test_appointments.TestAvailability" name="test_invalid_date" time="0.050" /><testcase classname="backend.tests.test_appointments.TestCreateAppointment" name="test_create_success_and_taken" time="0.145" /><testcase classname="backend.tests.test_appointments.TestCreateAppointment" name="test_conflict_409" time="0.058" /><testcase classname="backend.tests.test_appointments.TestCreateAppointment" name="test_sunday_400" time="0.051" /><testcase classname="backend.tests.test_appointments.TestCreateAppointment" name="test_invalid_service_400" time="0.046" /><testcase classname="backend.tests.test_appointments.TestCreateAppointment" name="test_invalid_time_400" time="0.048" /><testcase classname="backend.tests.test_appointments.TestAdminAppointments" name="test_list_no_auth" time="0.049" /><testcase classname="backend.tests.test_appointments.TestAdminAppointments" name="test_list_with_auth" time="0.155" /><testcase classname="backend.tests.test_appointments.TestAdminAppointments" name="test_update_status" time="0.128" /><testcase classname="backend.tests.test_appointments.TestAdminAppointments" name="test_update_invalid_status" time="0.145" /><testcase classname="backend.tests.test_appointments.TestAdminAppointments" name="test_delete" time="0.219" /><testcase classname="backend.tests.test_appointments.TestSanity" name="test_products" time="0.050" /><testcase classname="backend.tests.test_appointments.TestSanity" name="test_login" time="0.049" /></testsuite></testsuites>